<?xml version="1.0" encoding="UTF-8"?>
<!-- Generated by org.testng.reporters.JUnitXMLReporter -->
<testsuite hostname="DESKTOP-ET865OO" ignored="0" name="regression" tests="5" failures="0" timestamp="2022-05-12T22:41:38 BST" time="27.949" errors="0">
  <testcase name="bankManagerShouldAddCustomerSuccessfully" time="1.369" classname="com.bank.testsuite.BankTest"/>
  <testcase name="bankManagerShouldOpenAccountSuccessfully" time="1.216" classname="com.bank.testsuite.BankTest"/>
  <testcase name="customerShouldLoginAndLogoutSuceessfully" time="1.151" classname="com.bank.testsuite.BankTest"/>
  <testcase name="customerShouldDepositMoneySuccessfully" time="2.084" classname="com.bank.testsuite.BankTest"/>
  <testcase name="customerShouldWithdrawMoneySuccessfully" time="3.493" classname="com.bank.testsuite.BankTest"/>
</testsuite> <!-- regression -->
