<?xml version="1.0" encoding="UTF-8"?>
<!-- Generated by org.testng.reporters.JUnitXMLReporter -->
<testsuite hostname="DESKTOP-ET865OO" ignored="0" name="Bank Test" tests="5" failures="0" timestamp="2022-05-12T22:44:41 BST" time="29.681" errors="0">
  <testcase name="bankManagerShouldAddCustomerSuccessfully" time="1.69" classname="com.bank.testsuite.BankTest"/>
  <testcase name="bankManagerShouldOpenAccountSuccessfully" time="1.945" classname="com.bank.testsuite.BankTest"/>
  <testcase name="customerShouldLoginAndLogoutSuceessfully" time="1.722" classname="com.bank.testsuite.BankTest"/>
  <testcase name="customerShouldDepositMoneySuccessfully" time="1.629" classname="com.bank.testsuite.BankTest"/>
  <testcase name="customerShouldWithdrawMoneySuccessfully" time="3.883" classname="com.bank.testsuite.BankTest"/>
</testsuite> <!-- Bank Test -->
